Terminals unused in grammar

   PALABRA_RESERVADA
   CONSTANTE_REAL
   MAYORIGUAL
   Funcion


Rules useless in parser due to conflicts

   81 expOP: /* vacío */


Estado 1 conflictos: 5 desplazamiento/reducción, 1 reducción/reducción
Estado 9 conflictos: 11 desplazamiento(s)/reducción(ones)
Estado 10 conflictos: 11 desplazamiento(s)/reducción(ones)
Estado 11 conflictos: 11 desplazamiento(s)/reducción(ones)
Estado 15 conflictos: 4 desplazamiento/reducción, 1 reducción/reducción
Estado 18 conflictos: 4 desplazamiento/reducción, 1 reducción/reducción
Estado 23 conflictos: 4 desplazamiento(s)/reducción(ones)
Estado 29 conflictos: 14 desplazamiento(s)/reducción(ones)
Estado 30 conflictos: 11 desplazamiento(s)/reducción(ones)
Estado 31 conflictos: 6 desplazamiento(s)/reducción(ones)
Estado 47 conflictos: 4 desplazamiento(s)/reducción(ones)
Estado 49 conflictos: 4 desplazamiento(s)/reducción(ones)
Estado 51 conflictos: 4 desplazamiento(s)/reducción(ones)
Estado 57 conflictos: 4 desplazamiento/reducción, 1 reducción/reducción
Estado 62 conflictos: 4 desplazamiento/reducción, 1 reducción/reducción
Estado 71 conflictos: 11 desplazamiento(s)/reducción(ones)
Estado 79 conflictos: 11 desplazamiento(s)/reducción(ones)
Estado 84 conflictos: 4 desplazamiento/reducción, 2 reducción/reducción
Estado 85 conflictos: 4 desplazamiento(s)/reducción(ones)
Estado 94 conflictos: 11 desplazamiento(s)/reducción(ones)
Estado 108 conflictos: 4 desplazamiento/reducción, 1 reducción/reducción
Estado 131 conflictos: 4 desplazamiento/reducción, 1 reducción/reducción
Estado 132 conflictos: 4 desplazamiento/reducción, 1 reducción/reducción
Estado 133 conflictos: 4 desplazamiento/reducción, 1 reducción/reducción
Estado 134 conflictos: 4 desplazamiento(s)/reducción(ones)
Estado 135 conflictos: 4 desplazamiento/reducción, 1 reducción/reducción
Estado 140 conflictos: 4 desplazamiento(s)/reducción(ones)
Estado 148 conflictos: 1 desplazamiento(s)/reducción(ones)
Estado 156 conflictos: 4 desplazamiento/reducción, 1 reducción/reducción
Estado 158 conflictos: 4 desplazamiento/reducción, 1 reducción/reducción
Estado 161 conflictos: 4 desplazamiento/reducción, 1 reducción/reducción


Gramática

    0 $accept: input $end

    1 input: /* vacío */
    2      | input line

    3 line: '\n'
    4     | expGeneral '\n'
    5     | declaracion '\n'
    6     | definicionDeFuncion '\n'
    7     | sentencia '\n'

    8 expGeneral: expUnaria
    9           | expUnaria operador expGeneral
   10           | expUnaria '+' expGeneral

   11 operador: '='
   12         | MASIGUAL
   13         | OR
   14         | AND
   15         | IGUALIGUAL
   16         | DISTINTO
   17         | '<'
   18         | '>'
   19         | MENORIGUAL
   20         | '-'
   21         | '*'
   22         | '/'
   23         | '%'

   24 expUnaria: expSufijo
   25          | INCREMENTO expUnaria
   26          | DECREMENTO expUnaria
   27          | operadorUnario expUnaria
   28          | SIZEOF expUnaria
   29          | SIZEOF '(' TIPO_DATO ')'

   30 operadorUnario: '&'
   31               | '*'
   32               | '!'

   33 expSufijo: expPrimaria
   34          | expSufijo '[' expGeneral ']'
   35          | expSufijo '(' listaArgumentos ')'
   36          | expSufijo '.' IDENTIFICADOR
   37          | expSufijo FLECHA IDENTIFICADOR
   38          | expSufijo INCREMENTO
   39          | expSufijo DECREMENTO

   40 listaArgumentos: expGeneral
   41                | listaArgumentos ',' expGeneral
   42                | /* vacío */

   43 expPrimaria: /* vacío */
   44            | IDENTIFICADOR
   45            | CCARACTER
   46            | STRING
   47            | NUM
   48            | '(' expGeneral ')'

   49 declaracion: TIPO_DATO IDENTIFICADOR parametros
   50            | TIPO_DATO IDENTIFICADOR '=' expGeneral

   51 parametros: '(' listaDeParametros ')'
   52           | '(' ')'

   53 listaDeParametros: parametro
   54                  | listaDeParametros ',' parametro

   55 parametro: TIPO_DATO
   56          | TIPO_DATO IDENTIFICADOR
   57          | error IDENTIFICADOR
   58          | TIPO_DATO error

   59 cuerpo: ';'
   60       | sentenciaCompuesta
   61       | '{' error '}'
   62       | error

   63 definicionDeFuncion: TIPO_DATO IDENTIFICADOR parametros cuerpo
   64                    | error IDENTIFICADOR parametros cuerpo
   65                    | TIPO_DATO error parametros cuerpo

   66 sentencia: sentenciaCompuesta
   67          | sentenciaExpresion
   68          | sentenciaSeleccion
   69          | sentenciaIteracion
   70          | sentenciaSalto

   71 sentenciaCompuesta: '{' listaDeDeclaracionesOP listaSentenciasOP '}'

   72 listaDeDeclaracionesOP: /* vacío */
   73                       | listaDeDeclaraciones

   74 listaDeDeclaraciones: declaracion
   75                     | listaDeDeclaraciones declaracion

   76 listaSentenciasOP: /* vacío */
   77                  | listaSentencias

   78 listaSentencias: sentencia
   79                | listaSentencias sentencia

   80 sentenciaExpresion: expOP ';'

   81 expOP: /* vacío */
   82      | expGeneral

   83 sentenciaSeleccion: IF '(' expGeneral ')' sentencia
   84                   | IF '(' expGeneral ')' sentencia ELSE sentencia
   85                   | SWITCH '(' IDENTIFICADOR ')' sentencia

   86 sentenciaIteracion: WHILE '(' expGeneral ')' sentencia
   87                   | DO sentencia WHILE '(' expGeneral ')'
   88                   | FOR '(' expOP ';' expOP ';' expOP ')' sentencia

   89 sentenciaSalto: CONTINUE ';'
   90               | BREAK ';'
   91               | RETURN expOP ';'
   92               | GOTO IDENTIFICADOR ';'


Terminales con las reglas donde aparecen

$end (0) 0
'\n' (10) 3 4 5 6 7
'!' (33) 32
'%' (37) 23
'&' (38) 30
'(' (40) 29 35 48 51 52 83 84 85 86 87 88
')' (41) 29 35 48 51 52 83 84 85 86 87 88
'*' (42) 21 31
'+' (43) 10
',' (44) 41 54
'-' (45) 20
'.' (46) 36
'/' (47) 22
';' (59) 59 80 88 89 90 91 92
'<' (60) 17
'=' (61) 11 50
'>' (62) 18
'[' (91) 34
']' (93) 34
'{' (123) 61 71
'}' (125) 61 71
error (256) 57 58 61 62 64 65
NUM (258) 47
IDENTIFICADOR (259) 36 37 44 49 50 56 57 63 64 85 92
TIPO_DATO (260) 29 49 50 55 56 58 63 65
PALABRA_RESERVADA (261)
STRING (262) 46
CCARACTER (263) 45
CONSTANTE_REAL (264)
MAYORIGUAL (265)
MENORIGUAL (266) 19
IGUALIGUAL (267) 15
DISTINTO (268) 16
INCREMENTO (269) 25 38
DECREMENTO (270) 26 39
FLECHA (271) 37
OR (272) 13
AND (273) 14
MASIGUAL (274) 12
SIZEOF (275) 28 29
IF (276) 83 84
ELSE (277) 84
SWITCH (278) 85
WHILE (279) 86 87
DO (280) 87
CONTINUE (281) 89
BREAK (282) 90
RETURN (283) 91
FOR (284) 88
GOTO (285) 92
Funcion (286)


No terminales con las reglas donde aparecen

$accept (52)
    en la izquierda: 0
input (53)
    en la izquierda: 1 2, en la derecha: 0 2
line (54)
    en la izquierda: 3 4 5 6 7, en la derecha: 2
expGeneral (55)
    en la izquierda: 8 9 10, en la derecha: 4 9 10 34 40 41 48 50 82
    83 84 86 87
operador (56)
    en la izquierda: 11 12 13 14 15 16 17 18 19 20 21 22 23, en la derecha:
    9
expUnaria (57)
    en la izquierda: 24 25 26 27 28 29, en la derecha: 8 9 10 25 26
    27 28
operadorUnario (58)
    en la izquierda: 30 31 32, en la derecha: 27
expSufijo (59)
    en la izquierda: 33 34 35 36 37 38 39, en la derecha: 24 34 35
    36 37 38 39
listaArgumentos (60)
    en la izquierda: 40 41 42, en la derecha: 35 41
expPrimaria (61)
    en la izquierda: 43 44 45 46 47 48, en la derecha: 33
declaracion (62)
    en la izquierda: 49 50, en la derecha: 5 74 75
parametros (63)
    en la izquierda: 51 52, en la derecha: 49 63 64 65
listaDeParametros (64)
    en la izquierda: 53 54, en la derecha: 51 54
parametro (65)
    en la izquierda: 55 56 57 58, en la derecha: 53 54
cuerpo (66)
    en la izquierda: 59 60 61 62, en la derecha: 63 64 65
definicionDeFuncion (67)
    en la izquierda: 63 64 65, en la derecha: 6
sentencia (68)
    en la izquierda: 66 67 68 69 70, en la derecha: 7 78 79 83 84 85
    86 87 88
sentenciaCompuesta (69)
    en la izquierda: 71, en la derecha: 60 66
listaDeDeclaracionesOP (70)
    en la izquierda: 72 73, en la derecha: 71
listaDeDeclaraciones (71)
    en la izquierda: 74 75, en la derecha: 73 75
listaSentenciasOP (72)
    en la izquierda: 76 77, en la derecha: 71
listaSentencias (73)
    en la izquierda: 78 79, en la derecha: 77 79
sentenciaExpresion (74)
    en la izquierda: 80, en la derecha: 67
expOP (75)
    en la izquierda: 81 82, en la derecha: 80 88 91
sentenciaSeleccion (76)
    en la izquierda: 83 84 85, en la derecha: 68
sentenciaIteracion (77)
    en la izquierda: 86 87 88, en la derecha: 69
sentenciaSalto (78)
    en la izquierda: 89 90 91 92, en la derecha: 70


estado 0

    0 $accept: . input $end

    $default  reduce usando la regla 1 (input)

    input  ir al estado 1


estado 1

    0 $accept: input . $end
    2 input: input . line

    $end           desplazar e ir al estado 2
    error          desplazar e ir al estado 3
    NUM            desplazar e ir al estado 4
    IDENTIFICADOR  desplazar e ir al estado 5
    TIPO_DATO      desplazar e ir al estado 6
    STRING         desplazar e ir al estado 7
    CCARACTER      desplazar e ir al estado 8
    INCREMENTO     desplazar e ir al estado 9
    DECREMENTO     desplazar e ir al estado 10
    SIZEOF         desplazar e ir al estado 11
    IF             desplazar e ir al estado 12
    SWITCH         desplazar e ir al estado 13
    WHILE          desplazar e ir al estado 14
    DO             desplazar e ir al estado 15
    CONTINUE       desplazar e ir al estado 16
    BREAK          desplazar e ir al estado 17
    RETURN         desplazar e ir al estado 18
    FOR            desplazar e ir al estado 19
    GOTO           desplazar e ir al estado 20
    '\n'           desplazar e ir al estado 21
    '*'            desplazar e ir al estado 22
    '('            desplazar e ir al estado 23
    '&'            desplazar e ir al estado 24
    '!'            desplazar e ir al estado 25
    '{'            desplazar e ir al estado 26

    MENORIGUAL  reduce usando la regla 43 (expPrimaria)
    IGUALIGUAL  reduce usando la regla 43 (expPrimaria)
    DISTINTO    reduce usando la regla 43 (expPrimaria)
    INCREMENTO  [reduce usando la regla 43 (expPrimaria)]
    DECREMENTO  [reduce usando la regla 43 (expPrimaria)]
    FLECHA      reduce usando la regla 43 (expPrimaria)
    OR          reduce usando la regla 43 (expPrimaria)
    AND         reduce usando la regla 43 (expPrimaria)
    MASIGUAL    reduce usando la regla 43 (expPrimaria)
    '\n'        [reduce usando la regla 43 (expPrimaria)]
    '+'         reduce usando la regla 43 (expPrimaria)
    '='         reduce usando la regla 43 (expPrimaria)
    '<'         reduce usando la regla 43 (expPrimaria)
    '>'         reduce usando la regla 43 (expPrimaria)
    '-'         reduce usando la regla 43 (expPrimaria)
    '*'         [reduce usando la regla 43 (expPrimaria)]
    '/'         reduce usando la regla 43 (expPrimaria)
    '%'         reduce usando la regla 43 (expPrimaria)
    '('         [reduce usando la regla 43 (expPrimaria)]
    '['         reduce usando la regla 43 (expPrimaria)
    '.'         reduce usando la regla 43 (expPrimaria)
    ';'         reduce usando la regla 43 (expPrimaria)
    ';'         [reduce usando la regla 81 (expOP)]

    line                 ir al estado 27
    expGeneral           ir al estado 28
    expUnaria            ir al estado 29
    operadorUnario       ir al estado 30
    expSufijo            ir al estado 31
    expPrimaria          ir al estado 32
    declaracion          ir al estado 33
    definicionDeFuncion  ir al estado 34
    sentencia            ir al estado 35
    sentenciaCompuesta   ir al estado 36
    sentenciaExpresion   ir al estado 37
    expOP                ir al estado 38
    sentenciaSeleccion   ir al estado 39
    sentenciaIteracion   ir al estado 40
    sentenciaSalto       ir al estado 41


estado 2

    0 $accept: input $end .

    $default  aceptar


estado 3

   64 definicionDeFuncion: error . IDENTIFICADOR parametros cuerpo

    IDENTIFICADOR  desplazar e ir al estado 42


estado 4

   47 expPrimaria: NUM .

    $default  reduce usando la regla 47 (expPrimaria)


estado 5

   44 expPrimaria: IDENTIFICADOR .

    $default  reduce usando la regla 44 (expPrimaria)


estado 6

   49 declaracion: TIPO_DATO . IDENTIFICADOR parametros
   50            | TIPO_DATO . IDENTIFICADOR '=' expGeneral
   63 definicionDeFuncion: TIPO_DATO . IDENTIFICADOR parametros cuerpo
   65                    | TIPO_DATO . error parametros cuerpo

    error          desplazar e ir al estado 43
    IDENTIFICADOR  desplazar e ir al estado 44


estado 7

   46 expPrimaria: STRING .

    $default  reduce usando la regla 46 (expPrimaria)


estado 8

   45 expPrimaria: CCARACTER .

    $default  reduce usando la regla 45 (expPrimaria)


estado 9

   25 expUnaria: INCREMENTO . expUnaria

    NUM            desplazar e ir al estado 4
    IDENTIFICADOR  desplazar e ir al estado 5
    STRING         desplazar e ir al estado 7
    CCARACTER      desplazar e ir al estado 8
    INCREMENTO     desplazar e ir al estado 9
    DECREMENTO     desplazar e ir al estado 10
    SIZEOF         desplazar e ir al estado 11
    '*'            desplazar e ir al estado 22
    '('            desplazar e ir al estado 23
    '&'            desplazar e ir al estado 24
    '!'            desplazar e ir al estado 25

    NUM            [reduce usando la regla 43 (expPrimaria)]
    IDENTIFICADOR  [reduce usando la regla 43 (expPrimaria)]
    STRING         [reduce usando la regla 43 (expPrimaria)]
    CCARACTER      [reduce usando la regla 43 (expPrimaria)]
    INCREMENTO     [reduce usando la regla 43 (expPrimaria)]
    DECREMENTO     [reduce usando la regla 43 (expPrimaria)]
    SIZEOF         [reduce usando la regla 43 (expPrimaria)]
    '*'            [reduce usando la regla 43 (expPrimaria)]
    '('            [reduce usando la regla 43 (expPrimaria)]
    '&'            [reduce usando la regla 43 (expPrimaria)]
    '!'            [reduce usando la regla 43 (expPrimaria)]
    $default       reduce usando la regla 43 (expPrimaria)

    expUnaria       ir al estado 45
    operadorUnario  ir al estado 30
    expSufijo       ir al estado 31
    expPrimaria     ir al estado 32


estado 10

   26 expUnaria: DECREMENTO . expUnaria

    NUM            desplazar e ir al estado 4
    IDENTIFICADOR  desplazar e ir al estado 5
    STRING         desplazar e ir al estado 7
    CCARACTER      desplazar e ir al estado 8
    INCREMENTO     desplazar e ir al estado 9
    DECREMENTO     desplazar e ir al estado 10
    SIZEOF         desplazar e ir al estado 11
    '*'            desplazar e ir al estado 22
    '('            desplazar e ir al estado 23
    '&'            desplazar e ir al estado 24
    '!'            desplazar e ir al estado 25

    NUM            [reduce usando la regla 43 (expPrimaria)]
    IDENTIFICADOR  [reduce usando la regla 43 (expPrimaria)]
    STRING         [reduce usando la regla 43 (expPrimaria)]
    CCARACTER      [reduce usando la regla 43 (expPrimaria)]
    INCREMENTO     [reduce usando la regla 43 (expPrimaria)]
    DECREMENTO     [reduce usando la regla 43 (expPrimaria)]
    SIZEOF         [reduce usando la regla 43 (expPrimaria)]
    '*'            [reduce usando la regla 43 (expPrimaria)]
    '('            [reduce usando la regla 43 (expPrimaria)]
    '&'            [reduce usando la regla 43 (expPrimaria)]
    '!'            [reduce usando la regla 43 (expPrimaria)]
    $default       reduce usando la regla 43 (expPrimaria)

    expUnaria       ir al estado 46
    operadorUnario  ir al estado 30
    expSufijo       ir al estado 31
    expPrimaria     ir al estado 32


estado 11

   28 expUnaria: SIZEOF . expUnaria
   29          | SIZEOF . '(' TIPO_DATO ')'

    NUM            desplazar e ir al estado 4
    IDENTIFICADOR  desplazar e ir al estado 5
    STRING         desplazar e ir al estado 7
    CCARACTER      desplazar e ir al estado 8
    INCREMENTO     desplazar e ir al estado 9
    DECREMENTO     desplazar e ir al estado 10
    SIZEOF         desplazar e ir al estado 11
    '*'            desplazar e ir al estado 22
    '('            desplazar e ir al estado 47
    '&'            desplazar e ir al estado 24
    '!'            desplazar e ir al estado 25

    NUM            [reduce usando la regla 43 (expPrimaria)]
    IDENTIFICADOR  [reduce usando la regla 43 (expPrimaria)]
    STRING         [reduce usando la regla 43 (expPrimaria)]
    CCARACTER      [reduce usando la regla 43 (expPrimaria)]
    INCREMENTO     [reduce usando la regla 43 (expPrimaria)]
    DECREMENTO     [reduce usando la regla 43 (expPrimaria)]
    SIZEOF         [reduce usando la regla 43 (expPrimaria)]
    '*'            [reduce usando la regla 43 (expPrimaria)]
    '('            [reduce usando la regla 43 (expPrimaria)]
    '&'            [reduce usando la regla 43 (expPrimaria)]
    '!'            [reduce usando la regla 43 (expPrimaria)]
    $default       reduce usando la regla 43 (expPrimaria)

    expUnaria       ir al estado 48
    operadorUnario  ir al estado 30
    expSufijo       ir al estado 31
    expPrimaria     ir al estado 32


estado 12

   83 sentenciaSeleccion: IF . '(' expGeneral ')' sentencia
   84                   | IF . '(' expGeneral ')' sentencia ELSE sentencia

    '('  desplazar e ir al estado 49


estado 13

   85 sentenciaSeleccion: SWITCH . '(' IDENTIFICADOR ')' sentencia

    '('  desplazar e ir al estado 50


estado 14

   86 sentenciaIteracion: WHILE . '(' expGeneral ')' sentencia

    '('  desplazar e ir al estado 51


estado 15

   87 sentenciaIteracion: DO . sentencia WHILE '(' expGeneral ')'

    NUM            desplazar e ir al estado 4
    IDENTIFICADOR  desplazar e ir al estado 5
    STRING         desplazar e ir al estado 7
    CCARACTER      desplazar e ir al estado 8
    INCREMENTO     desplazar e ir al estado 9
    DECREMENTO     desplazar e ir al estado 10
    SIZEOF         desplazar e ir al estado 11
    IF             desplazar e ir al estado 12
    SWITCH         desplazar e ir al estado 13
    WHILE          desplazar e ir al estado 14
    DO             desplazar e ir al estado 15
    CONTINUE       desplazar e ir al estado 16
    BREAK          desplazar e ir al estado 17
    RETURN         desplazar e ir al estado 18
    FOR            desplazar e ir al estado 19
    GOTO           desplazar e ir al estado 20
    '*'            desplazar e ir al estado 22
    '('            desplazar e ir al estado 23
    '&'            desplazar e ir al estado 24
    '!'            desplazar e ir al estado 25
    '{'            desplazar e ir al estado 26

    INCREMENTO  [reduce usando la regla 43 (expPrimaria)]
    DECREMENTO  [reduce usando la regla 43 (expPrimaria)]
    '*'         [reduce usando la regla 43 (expPrimaria)]
    '('         [reduce usando la regla 43 (expPrimaria)]
    ';'         reduce usando la regla 43 (expPrimaria)
    ';'         [reduce usando la regla 81 (expOP)]
    $default    reduce usando la regla 43 (expPrimaria)

    expGeneral          ir al estado 52
    expUnaria           ir al estado 29
    operadorUnario      ir al estado 30
    expSufijo           ir al estado 31
    expPrimaria         ir al estado 32
    sentencia           ir al estado 53
    sentenciaCompuesta  ir al estado 36
    sentenciaExpresion  ir al estado 37
    expOP               ir al estado 38
    sentenciaSeleccion  ir al estado 39
    sentenciaIteracion  ir al estado 40
    sentenciaSalto      ir al estado 41


estado 16

   89 sentenciaSalto: CONTINUE . ';'

    ';'  desplazar e ir al estado 54


estado 17

   90 sentenciaSalto: BREAK . ';'

    ';'  desplazar e ir al estado 55


estado 18

   91 sentenciaSalto: RETURN . expOP ';'

    NUM            desplazar e ir al estado 4
    IDENTIFICADOR  desplazar e ir al estado 5
    STRING         desplazar e ir al estado 7
    CCARACTER      desplazar e ir al estado 8
    INCREMENTO     desplazar e ir al estado 9
    DECREMENTO     desplazar e ir al estado 10
    SIZEOF         desplazar e ir al estado 11
    '*'            desplazar e ir al estado 22
    '('            desplazar e ir al estado 23
    '&'            desplazar e ir al estado 24
    '!'            desplazar e ir al estado 25

    INCREMENTO  [reduce usando la regla 43 (expPrimaria)]
    DECREMENTO  [reduce usando la regla 43 (expPrimaria)]
    '*'         [reduce usando la regla 43 (expPrimaria)]
    '('         [reduce usando la regla 43 (expPrimaria)]
    ';'         reduce usando la regla 43 (expPrimaria)
    ';'         [reduce usando la regla 81 (expOP)]
    $default    reduce usando la regla 43 (expPrimaria)

    expGeneral      ir al estado 52
    expUnaria       ir al estado 29
    operadorUnario  ir al estado 30
    expSufijo       ir al estado 31
    expPrimaria     ir al estado 32
    expOP           ir al estado 56


estado 19

   88 sentenciaIteracion: FOR . '(' expOP ';' expOP ';' expOP ')' sentencia

    '('  desplazar e ir al estado 57


estado 20

   92 sentenciaSalto: GOTO . IDENTIFICADOR ';'

    IDENTIFICADOR  desplazar e ir al estado 58


estado 21

    3 line: '\n' .

    $default  reduce usando la regla 3 (line)


estado 22

   31 operadorUnario: '*' .

    $default  reduce usando la regla 31 (operadorUnario)


estado 23

   48 expPrimaria: '(' . expGeneral ')'

    NUM            desplazar e ir al estado 4
    IDENTIFICADOR  desplazar e ir al estado 5
    STRING         desplazar e ir al estado 7
    CCARACTER      desplazar e ir al estado 8
    INCREMENTO     desplazar e ir al estado 9
    DECREMENTO     desplazar e ir al estado 10
    SIZEOF         desplazar e ir al estado 11
    '*'            desplazar e ir al estado 22
    '('            desplazar e ir al estado 23
    '&'            desplazar e ir al estado 24
    '!'            desplazar e ir al estado 25

    INCREMENTO  [reduce usando la regla 43 (expPrimaria)]
    DECREMENTO  [reduce usando la regla 43 (expPrimaria)]
    '*'         [reduce usando la regla 43 (expPrimaria)]
    '('         [reduce usando la regla 43 (expPrimaria)]
    $default    reduce usando la regla 43 (expPrimaria)

    expGeneral      ir al estado 59
    expUnaria       ir al estado 29
    operadorUnario  ir al estado 30
    expSufijo       ir al estado 31
    expPrimaria     ir al estado 32


estado 24

   30 operadorUnario: '&' .

    $default  reduce usando la regla 30 (operadorUnario)


estado 25

   32 operadorUnario: '!' .

    $default  reduce usando la regla 32 (operadorUnario)


estado 26

   71 sentenciaCompuesta: '{' . listaDeDeclaracionesOP listaSentenciasOP '}'

    TIPO_DATO  desplazar e ir al estado 60

    $default  reduce usando la regla 72 (listaDeDeclaracionesOP)

    declaracion             ir al estado 61
    listaDeDeclaracionesOP  ir al estado 62
    listaDeDeclaraciones    ir al estado 63


estado 27

    2 input: input line .

    $default  reduce usando la regla 2 (input)


estado 28

    4 line: expGeneral . '\n'
   82 expOP: expGeneral .

    '\n'  desplazar e ir al estado 64

    $default  reduce usando la regla 82 (expOP)


estado 29

    8 expGeneral: expUnaria .
    9           | expUnaria . operador expGeneral
   10           | expUnaria . '+' expGeneral

    MENORIGUAL  desplazar e ir al estado 65
    IGUALIGUAL  desplazar e ir al estado 66
    DISTINTO    desplazar e ir al estado 67
    OR          desplazar e ir al estado 68
    AND         desplazar e ir al estado 69
    MASIGUAL    desplazar e ir al estado 70
    '+'         desplazar e ir al estado 71
    '='         desplazar e ir al estado 72
    '<'         desplazar e ir al estado 73
    '>'         desplazar e ir al estado 74
    '-'         desplazar e ir al estado 75
    '*'         desplazar e ir al estado 76
    '/'         desplazar e ir al estado 77
    '%'         desplazar e ir al estado 78

    MENORIGUAL  [reduce usando la regla 8 (expGeneral)]
    IGUALIGUAL  [reduce usando la regla 8 (expGeneral)]
    DISTINTO    [reduce usando la regla 8 (expGeneral)]
    OR          [reduce usando la regla 8 (expGeneral)]
    AND         [reduce usando la regla 8 (expGeneral)]
    MASIGUAL    [reduce usando la regla 8 (expGeneral)]
    '+'         [reduce usando la regla 8 (expGeneral)]
    '='         [reduce usando la regla 8 (expGeneral)]
    '<'         [reduce usando la regla 8 (expGeneral)]
    '>'         [reduce usando la regla 8 (expGeneral)]
    '-'         [reduce usando la regla 8 (expGeneral)]
    '*'         [reduce usando la regla 8 (expGeneral)]
    '/'         [reduce usando la regla 8 (expGeneral)]
    '%'         [reduce usando la regla 8 (expGeneral)]
    $default    reduce usando la regla 8 (expGeneral)

    operador  ir al estado 79


estado 30

   27 expUnaria: operadorUnario . expUnaria

    NUM            desplazar e ir al estado 4
    IDENTIFICADOR  desplazar e ir al estado 5
    STRING         desplazar e ir al estado 7
    CCARACTER      desplazar e ir al estado 8
    INCREMENTO     desplazar e ir al estado 9
    DECREMENTO     desplazar e ir al estado 10
    SIZEOF         desplazar e ir al estado 11
    '*'            desplazar e ir al estado 22
    '('            desplazar e ir al estado 23
    '&'            desplazar e ir al estado 24
    '!'            desplazar e ir al estado 25

    NUM            [reduce usando la regla 43 (expPrimaria)]
    IDENTIFICADOR  [reduce usando la regla 43 (expPrimaria)]
    STRING         [reduce usando la regla 43 (expPrimaria)]
    CCARACTER      [reduce usando la regla 43 (expPrimaria)]
    INCREMENTO     [reduce usando la regla 43 (expPrimaria)]
    DECREMENTO     [reduce usando la regla 43 (expPrimaria)]
    SIZEOF         [reduce usando la regla 43 (expPrimaria)]
    '*'            [reduce usando la regla 43 (expPrimaria)]
    '('            [reduce usando la regla 43 (expPrimaria)]
    '&'            [reduce usando la regla 43 (expPrimaria)]
    '!'            [reduce usando la regla 43 (expPrimaria)]
    $default       reduce usando la regla 43 (expPrimaria)

    expUnaria       ir al estado 80
    operadorUnario  ir al estado 30
    expSufijo       ir al estado 31
    expPrimaria     ir al estado 32


estado 31

   24 expUnaria: expSufijo .
   34 expSufijo: expSufijo . '[' expGeneral ']'
   35          | expSufijo . '(' listaArgumentos ')'
   36          | expSufijo . '.' IDENTIFICADOR
   37          | expSufijo . FLECHA IDENTIFICADOR
   38          | expSufijo . INCREMENTO
   39          | expSufijo . DECREMENTO

    INCREMENTO  desplazar e ir al estado 81
    DECREMENTO  desplazar e ir al estado 82
    FLECHA      desplazar e ir al estado 83
    '('         desplazar e ir al estado 84
    '['         desplazar e ir al estado 85
    '.'         desplazar e ir al estado 86

    INCREMENTO  [reduce usando la regla 24 (expUnaria)]
    DECREMENTO  [reduce usando la regla 24 (expUnaria)]
    FLECHA      [reduce usando la regla 24 (expUnaria)]
    '('         [reduce usando la regla 24 (expUnaria)]
    '['         [reduce usando la regla 24 (expUnaria)]
    '.'         [reduce usando la regla 24 (expUnaria)]
    $default    reduce usando la regla 24 (expUnaria)


estado 32

   33 expSufijo: expPrimaria .

    $default  reduce usando la regla 33 (expSufijo)


estado 33

    5 line: declaracion . '\n'

    '\n'  desplazar e ir al estado 87


estado 34

    6 line: definicionDeFuncion . '\n'

    '\n'  desplazar e ir al estado 88


estado 35

    7 line: sentencia . '\n'

    '\n'  desplazar e ir al estado 89


estado 36

   66 sentencia: sentenciaCompuesta .

    $default  reduce usando la regla 66 (sentencia)


estado 37

   67 sentencia: sentenciaExpresion .

    $default  reduce usando la regla 67 (sentencia)


estado 38

   80 sentenciaExpresion: expOP . ';'

    ';'  desplazar e ir al estado 90


estado 39

   68 sentencia: sentenciaSeleccion .

    $default  reduce usando la regla 68 (sentencia)


estado 40

   69 sentencia: sentenciaIteracion .

    $default  reduce usando la regla 69 (sentencia)


estado 41

   70 sentencia: sentenciaSalto .

    $default  reduce usando la regla 70 (sentencia)


estado 42

   64 definicionDeFuncion: error IDENTIFICADOR . parametros cuerpo

    '('  desplazar e ir al estado 91

    parametros  ir al estado 92


estado 43

   65 definicionDeFuncion: TIPO_DATO error . parametros cuerpo

    '('  desplazar e ir al estado 91

    parametros  ir al estado 93


estado 44

   49 declaracion: TIPO_DATO IDENTIFICADOR . parametros
   50            | TIPO_DATO IDENTIFICADOR . '=' expGeneral
   63 definicionDeFuncion: TIPO_DATO IDENTIFICADOR . parametros cuerpo

    '='  desplazar e ir al estado 94
    '('  desplazar e ir al estado 91

    parametros  ir al estado 95


estado 45

   25 expUnaria: INCREMENTO expUnaria .

    $default  reduce usando la regla 25 (expUnaria)


estado 46

   26 expUnaria: DECREMENTO expUnaria .

    $default  reduce usando la regla 26 (expUnaria)


estado 47

   29 expUnaria: SIZEOF '(' . TIPO_DATO ')'
   48 expPrimaria: '(' . expGeneral ')'

    NUM            desplazar e ir al estado 4
    IDENTIFICADOR  desplazar e ir al estado 5
    TIPO_DATO      desplazar e ir al estado 96
    STRING         desplazar e ir al estado 7
    CCARACTER      desplazar e ir al estado 8
    INCREMENTO     desplazar e ir al estado 9
    DECREMENTO     desplazar e ir al estado 10
    SIZEOF         desplazar e ir al estado 11
    '*'            desplazar e ir al estado 22
    '('            desplazar e ir al estado 23
    '&'            desplazar e ir al estado 24
    '!'            desplazar e ir al estado 25

    INCREMENTO  [reduce usando la regla 43 (expPrimaria)]
    DECREMENTO  [reduce usando la regla 43 (expPrimaria)]
    '*'         [reduce usando la regla 43 (expPrimaria)]
    '('         [reduce usando la regla 43 (expPrimaria)]
    $default    reduce usando la regla 43 (expPrimaria)

    expGeneral      ir al estado 59
    expUnaria       ir al estado 29
    operadorUnario  ir al estado 30
    expSufijo       ir al estado 31
    expPrimaria     ir al estado 32


estado 48

   28 expUnaria: SIZEOF expUnaria .

    $default  reduce usando la regla 28 (expUnaria)


estado 49

   83 sentenciaSeleccion: IF '(' . expGeneral ')' sentencia
   84                   | IF '(' . expGeneral ')' sentencia ELSE sentencia

    NUM            desplazar e ir al estado 4
    IDENTIFICADOR  desplazar e ir al estado 5
    STRING         desplazar e ir al estado 7
    CCARACTER      desplazar e ir al estado 8
    INCREMENTO     desplazar e ir al estado 9
    DECREMENTO     desplazar e ir al estado 10
    SIZEOF         desplazar e ir al estado 11
    '*'            desplazar e ir al estado 22
    '('            desplazar e ir al estado 23
    '&'            desplazar e ir al estado 24
    '!'            desplazar e ir al estado 25

    INCREMENTO  [reduce usando la regla 43 (expPrimaria)]
    DECREMENTO  [reduce usando la regla 43 (expPrimaria)]
    '*'         [reduce usando la regla 43 (expPrimaria)]
    '('         [reduce usando la regla 43 (expPrimaria)]
    $default    reduce usando la regla 43 (expPrimaria)

    expGeneral      ir al estado 97
    expUnaria       ir al estado 29
    operadorUnario  ir al estado 30
    expSufijo       ir al estado 31
    expPrimaria     ir al estado 32


estado 50

   85 sentenciaSeleccion: SWITCH '(' . IDENTIFICADOR ')' sentencia

    IDENTIFICADOR  desplazar e ir al estado 98


estado 51

   86 sentenciaIteracion: WHILE '(' . expGeneral ')' sentencia

    NUM            desplazar e ir al estado 4
    IDENTIFICADOR  desplazar e ir al estado 5
    STRING         desplazar e ir al estado 7
    CCARACTER      desplazar e ir al estado 8
    INCREMENTO     desplazar e ir al estado 9
    DECREMENTO     desplazar e ir al estado 10
    SIZEOF         desplazar e ir al estado 11
    '*'            desplazar e ir al estado 22
    '('            desplazar e ir al estado 23
    '&'            desplazar e ir al estado 24
    '!'            desplazar e ir al estado 25

    INCREMENTO  [reduce usando la regla 43 (expPrimaria)]
    DECREMENTO  [reduce usando la regla 43 (expPrimaria)]
    '*'         [reduce usando la regla 43 (expPrimaria)]
    '('         [reduce usando la regla 43 (expPrimaria)]
    $default    reduce usando la regla 43 (expPrimaria)

    expGeneral      ir al estado 99
    expUnaria       ir al estado 29
    operadorUnario  ir al estado 30
    expSufijo       ir al estado 31
    expPrimaria     ir al estado 32


estado 52

   82 expOP: expGeneral .

    $default  reduce usando la regla 82 (expOP)


estado 53

   87 sentenciaIteracion: DO sentencia . WHILE '(' expGeneral ')'

    WHILE  desplazar e ir al estado 100


estado 54

   89 sentenciaSalto: CONTINUE ';' .

    $default  reduce usando la regla 89 (sentenciaSalto)


estado 55

   90 sentenciaSalto: BREAK ';' .

    $default  reduce usando la regla 90 (sentenciaSalto)


estado 56

   91 sentenciaSalto: RETURN expOP . ';'

    ';'  desplazar e ir al estado 101


estado 57

   88 sentenciaIteracion: FOR '(' . expOP ';' expOP ';' expOP ')' sentencia

    NUM            desplazar e ir al estado 4
    IDENTIFICADOR  desplazar e ir al estado 5
    STRING         desplazar e ir al estado 7
    CCARACTER      desplazar e ir al estado 8
    INCREMENTO     desplazar e ir al estado 9
    DECREMENTO     desplazar e ir al estado 10
    SIZEOF         desplazar e ir al estado 11
    '*'            desplazar e ir al estado 22
    '('            desplazar e ir al estado 23
    '&'            desplazar e ir al estado 24
    '!'            desplazar e ir al estado 25

    INCREMENTO  [reduce usando la regla 43 (expPrimaria)]
    DECREMENTO  [reduce usando la regla 43 (expPrimaria)]
    '*'         [reduce usando la regla 43 (expPrimaria)]
    '('         [reduce usando la regla 43 (expPrimaria)]
    ';'         reduce usando la regla 43 (expPrimaria)
    ';'         [reduce usando la regla 81 (expOP)]
    $default    reduce usando la regla 43 (expPrimaria)

    expGeneral      ir al estado 52
    expUnaria       ir al estado 29
    operadorUnario  ir al estado 30
    expSufijo       ir al estado 31
    expPrimaria     ir al estado 32
    expOP           ir al estado 102


estado 58

   92 sentenciaSalto: GOTO IDENTIFICADOR . ';'

    ';'  desplazar e ir al estado 103


estado 59

   48 expPrimaria: '(' expGeneral . ')'

    ')'  desplazar e ir al estado 104


estado 60

   49 declaracion: TIPO_DATO . IDENTIFICADOR parametros
   50            | TIPO_DATO . IDENTIFICADOR '=' expGeneral

    IDENTIFICADOR  desplazar e ir al estado 105


estado 61

   74 listaDeDeclaraciones: declaracion .

    $default  reduce usando la regla 74 (listaDeDeclaraciones)


estado 62

   71 sentenciaCompuesta: '{' listaDeDeclaracionesOP . listaSentenciasOP '}'

    NUM            desplazar e ir al estado 4
    IDENTIFICADOR  desplazar e ir al estado 5
    STRING         desplazar e ir al estado 7
    CCARACTER      desplazar e ir al estado 8
    INCREMENTO     desplazar e ir al estado 9
    DECREMENTO     desplazar e ir al estado 10
    SIZEOF         desplazar e ir al estado 11
    IF             desplazar e ir al estado 12
    SWITCH         desplazar e ir al estado 13
    WHILE          desplazar e ir al estado 14
    DO             desplazar e ir al estado 15
    CONTINUE       desplazar e ir al estado 16
    BREAK          desplazar e ir al estado 17
    RETURN         desplazar e ir al estado 18
    FOR            desplazar e ir al estado 19
    GOTO           desplazar e ir al estado 20
    '*'            desplazar e ir al estado 22
    '('            desplazar e ir al estado 23
    '&'            desplazar e ir al estado 24
    '!'            desplazar e ir al estado 25
    '{'            desplazar e ir al estado 26

    INCREMENTO  [reduce usando la regla 43 (expPrimaria)]
    DECREMENTO  [reduce usando la regla 43 (expPrimaria)]
    '*'         [reduce usando la regla 43 (expPrimaria)]
    '('         [reduce usando la regla 43 (expPrimaria)]
    ';'         reduce usando la regla 43 (expPrimaria)
    ';'         [reduce usando la regla 81 (expOP)]
    '}'         reduce usando la regla 76 (listaSentenciasOP)
    $default    reduce usando la regla 43 (expPrimaria)

    expGeneral          ir al estado 52
    expUnaria           ir al estado 29
    operadorUnario      ir al estado 30
    expSufijo           ir al estado 31
    expPrimaria         ir al estado 32
    sentencia           ir al estado 106
    sentenciaCompuesta  ir al estado 36
    listaSentenciasOP   ir al estado 107
    listaSentencias     ir al estado 108
    sentenciaExpresion  ir al estado 37
    expOP               ir al estado 38
    sentenciaSeleccion  ir al estado 39
    sentenciaIteracion  ir al estado 40
    sentenciaSalto      ir al estado 41


estado 63

   73 listaDeDeclaracionesOP: listaDeDeclaraciones .
   75 listaDeDeclaraciones: listaDeDeclaraciones . declaracion

    TIPO_DATO  desplazar e ir al estado 60

    $default  reduce usando la regla 73 (listaDeDeclaracionesOP)

    declaracion  ir al estado 109


estado 64

    4 line: expGeneral '\n' .

    $default  reduce usando la regla 4 (line)


estado 65

   19 operador: MENORIGUAL .

    $default  reduce usando la regla 19 (operador)


estado 66

   15 operador: IGUALIGUAL .

    $default  reduce usando la regla 15 (operador)


estado 67

   16 operador: DISTINTO .

    $default  reduce usando la regla 16 (operador)


estado 68

   13 operador: OR .

    $default  reduce usando la regla 13 (operador)


estado 69

   14 operador: AND .

    $default  reduce usando la regla 14 (operador)


estado 70

   12 operador: MASIGUAL .

    $default  reduce usando la regla 12 (operador)


estado 71

   10 expGeneral: expUnaria '+' . expGeneral

    NUM            desplazar e ir al estado 4
    IDENTIFICADOR  desplazar e ir al estado 5
    STRING         desplazar e ir al estado 7
    CCARACTER      desplazar e ir al estado 8
    INCREMENTO     desplazar e ir al estado 9
    DECREMENTO     desplazar e ir al estado 10
    SIZEOF         desplazar e ir al estado 11
    '*'            desplazar e ir al estado 22
    '('            desplazar e ir al estado 23
    '&'            desplazar e ir al estado 24
    '!'            desplazar e ir al estado 25

    NUM            [reduce usando la regla 43 (expPrimaria)]
    IDENTIFICADOR  [reduce usando la regla 43 (expPrimaria)]
    STRING         [reduce usando la regla 43 (expPrimaria)]
    CCARACTER      [reduce usando la regla 43 (expPrimaria)]
    INCREMENTO     [reduce usando la regla 43 (expPrimaria)]
    DECREMENTO     [reduce usando la regla 43 (expPrimaria)]
    SIZEOF         [reduce usando la regla 43 (expPrimaria)]
    '*'            [reduce usando la regla 43 (expPrimaria)]
    '('            [reduce usando la regla 43 (expPrimaria)]
    '&'            [reduce usando la regla 43 (expPrimaria)]
    '!'            [reduce usando la regla 43 (expPrimaria)]
    $default       reduce usando la regla 43 (expPrimaria)

    expGeneral      ir al estado 110
    expUnaria       ir al estado 29
    operadorUnario  ir al estado 30
    expSufijo       ir al estado 31
    expPrimaria     ir al estado 32


estado 72

   11 operador: '=' .

    $default  reduce usando la regla 11 (operador)


estado 73

   17 operador: '<' .

    $default  reduce usando la regla 17 (operador)


estado 74

   18 operador: '>' .

    $default  reduce usando la regla 18 (operador)


estado 75

   20 operador: '-' .

    $default  reduce usando la regla 20 (operador)


estado 76

   21 operador: '*' .

    $default  reduce usando la regla 21 (operador)


estado 77

   22 operador: '/' .

    $default  reduce usando la regla 22 (operador)


estado 78

   23 operador: '%' .

    $default  reduce usando la regla 23 (operador)


estado 79

    9 expGeneral: expUnaria operador . expGeneral

    NUM            desplazar e ir al estado 4
    IDENTIFICADOR  desplazar e ir al estado 5
    STRING         desplazar e ir al estado 7
    CCARACTER      desplazar e ir al estado 8
    INCREMENTO     desplazar e ir al estado 9
    DECREMENTO     desplazar e ir al estado 10
    SIZEOF         desplazar e ir al estado 11
    '*'            desplazar e ir al estado 22
    '('            desplazar e ir al estado 23
    '&'            desplazar e ir al estado 24
    '!'            desplazar e ir al estado 25

    NUM            [reduce usando la regla 43 (expPrimaria)]
    IDENTIFICADOR  [reduce usando la regla 43 (expPrimaria)]
    STRING         [reduce usando la regla 43 (expPrimaria)]
    CCARACTER      [reduce usando la regla 43 (expPrimaria)]
    INCREMENTO     [reduce usando la regla 43 (expPrimaria)]
    DECREMENTO     [reduce usando la regla 43 (expPrimaria)]
    SIZEOF         [reduce usando la regla 43 (expPrimaria)]
    '*'            [reduce usando la regla 43 (expPrimaria)]
    '('            [reduce usando la regla 43 (expPrimaria)]
    '&'            [reduce usando la regla 43 (expPrimaria)]
    '!'            [reduce usando la regla 43 (expPrimaria)]
    $default       reduce usando la regla 43 (expPrimaria)

    expGeneral      ir al estado 111
    expUnaria       ir al estado 29
    operadorUnario  ir al estado 30
    expSufijo       ir al estado 31
    expPrimaria     ir al estado 32


estado 80

   27 expUnaria: operadorUnario expUnaria .

    $default  reduce usando la regla 27 (expUnaria)


estado 81

   38 expSufijo: expSufijo INCREMENTO .

    $default  reduce usando la regla 38 (expSufijo)


estado 82

   39 expSufijo: expSufijo DECREMENTO .

    $default  reduce usando la regla 39 (expSufijo)


estado 83

   37 expSufijo: expSufijo FLECHA . IDENTIFICADOR

    IDENTIFICADOR  desplazar e ir al estado 112


estado 84

   35 expSufijo: expSufijo '(' . listaArgumentos ')'

    NUM            desplazar e ir al estado 4
    IDENTIFICADOR  desplazar e ir al estado 5
    STRING         desplazar e ir al estado 7
    CCARACTER      desplazar e ir al estado 8
    INCREMENTO     desplazar e ir al estado 9
    DECREMENTO     desplazar e ir al estado 10
    SIZEOF         desplazar e ir al estado 11
    '*'            desplazar e ir al estado 22
    '('            desplazar e ir al estado 23
    '&'            desplazar e ir al estado 24
    '!'            desplazar e ir al estado 25

    INCREMENTO  [reduce usando la regla 43 (expPrimaria)]
    DECREMENTO  [reduce usando la regla 43 (expPrimaria)]
    '*'         [reduce usando la regla 43 (expPrimaria)]
    '('         [reduce usando la regla 43 (expPrimaria)]
    ')'         reduce usando la regla 42 (listaArgumentos)
    ')'         [reduce usando la regla 43 (expPrimaria)]
    ','         reduce usando la regla 42 (listaArgumentos)
    ','         [reduce usando la regla 43 (expPrimaria)]
    $default    reduce usando la regla 43 (expPrimaria)

    expGeneral       ir al estado 113
    expUnaria        ir al estado 29
    operadorUnario   ir al estado 30
    expSufijo        ir al estado 31
    listaArgumentos  ir al estado 114
    expPrimaria      ir al estado 32


estado 85

   34 expSufijo: expSufijo '[' . expGeneral ']'

    NUM            desplazar e ir al estado 4
    IDENTIFICADOR  desplazar e ir al estado 5
    STRING         desplazar e ir al estado 7
    CCARACTER      desplazar e ir al estado 8
    INCREMENTO     desplazar e ir al estado 9
    DECREMENTO     desplazar e ir al estado 10
    SIZEOF         desplazar e ir al estado 11
    '*'            desplazar e ir al estado 22
    '('            desplazar e ir al estado 23
    '&'            desplazar e ir al estado 24
    '!'            desplazar e ir al estado 25

    INCREMENTO  [reduce usando la regla 43 (expPrimaria)]
    DECREMENTO  [reduce usando la regla 43 (expPrimaria)]
    '*'         [reduce usando la regla 43 (expPrimaria)]
    '('         [reduce usando la regla 43 (expPrimaria)]
    $default    reduce usando la regla 43 (expPrimaria)

    expGeneral      ir al estado 115
    expUnaria       ir al estado 29
    operadorUnario  ir al estado 30
    expSufijo       ir al estado 31
    expPrimaria     ir al estado 32


estado 86

   36 expSufijo: expSufijo '.' . IDENTIFICADOR

    IDENTIFICADOR  desplazar e ir al estado 116


estado 87

    5 line: declaracion '\n' .

    $default  reduce usando la regla 5 (line)


estado 88

    6 line: definicionDeFuncion '\n' .

    $default  reduce usando la regla 6 (line)


estado 89

    7 line: sentencia '\n' .

    $default  reduce usando la regla 7 (line)


estado 90

   80 sentenciaExpresion: expOP ';' .

    $default  reduce usando la regla 80 (sentenciaExpresion)


estado 91

   51 parametros: '(' . listaDeParametros ')'
   52           | '(' . ')'

    error      desplazar e ir al estado 117
    TIPO_DATO  desplazar e ir al estado 118
    ')'        desplazar e ir al estado 119

    listaDeParametros  ir al estado 120
    parametro          ir al estado 121


estado 92

   64 definicionDeFuncion: error IDENTIFICADOR parametros . cuerpo

    error  desplazar e ir al estado 122
    ';'    desplazar e ir al estado 123
    '{'    desplazar e ir al estado 124

    cuerpo              ir al estado 125
    sentenciaCompuesta  ir al estado 126


estado 93

   65 definicionDeFuncion: TIPO_DATO error parametros . cuerpo

    error  desplazar e ir al estado 122
    ';'    desplazar e ir al estado 123
    '{'    desplazar e ir al estado 124

    cuerpo              ir al estado 127
    sentenciaCompuesta  ir al estado 126


estado 94

   50 declaracion: TIPO_DATO IDENTIFICADOR '=' . expGeneral

    NUM            desplazar e ir al estado 4
    IDENTIFICADOR  desplazar e ir al estado 5
    STRING         desplazar e ir al estado 7
    CCARACTER      desplazar e ir al estado 8
    INCREMENTO     desplazar e ir al estado 9
    DECREMENTO     desplazar e ir al estado 10
    SIZEOF         desplazar e ir al estado 11
    '*'            desplazar e ir al estado 22
    '('            desplazar e ir al estado 23
    '&'            desplazar e ir al estado 24
    '!'            desplazar e ir al estado 25

    NUM            [reduce usando la regla 43 (expPrimaria)]
    IDENTIFICADOR  [reduce usando la regla 43 (expPrimaria)]
    STRING         [reduce usando la regla 43 (expPrimaria)]
    CCARACTER      [reduce usando la regla 43 (expPrimaria)]
    INCREMENTO     [reduce usando la regla 43 (expPrimaria)]
    DECREMENTO     [reduce usando la regla 43 (expPrimaria)]
    SIZEOF         [reduce usando la regla 43 (expPrimaria)]
    '*'            [reduce usando la regla 43 (expPrimaria)]
    '('            [reduce usando la regla 43 (expPrimaria)]
    '&'            [reduce usando la regla 43 (expPrimaria)]
    '!'            [reduce usando la regla 43 (expPrimaria)]
    $default       reduce usando la regla 43 (expPrimaria)

    expGeneral      ir al estado 128
    expUnaria       ir al estado 29
    operadorUnario  ir al estado 30
    expSufijo       ir al estado 31
    expPrimaria     ir al estado 32


estado 95

   49 declaracion: TIPO_DATO IDENTIFICADOR parametros .
   63 definicionDeFuncion: TIPO_DATO IDENTIFICADOR parametros . cuerpo

    error  desplazar e ir al estado 122
    ';'    desplazar e ir al estado 123
    '{'    desplazar e ir al estado 124

    '\n'  reduce usando la regla 49 (declaracion)

    cuerpo              ir al estado 129
    sentenciaCompuesta  ir al estado 126


estado 96

   29 expUnaria: SIZEOF '(' TIPO_DATO . ')'

    ')'  desplazar e ir al estado 130


estado 97

   83 sentenciaSeleccion: IF '(' expGeneral . ')' sentencia
   84                   | IF '(' expGeneral . ')' sentencia ELSE sentencia

    ')'  desplazar e ir al estado 131


estado 98

   85 sentenciaSeleccion: SWITCH '(' IDENTIFICADOR . ')' sentencia

    ')'  desplazar e ir al estado 132


estado 99

   86 sentenciaIteracion: WHILE '(' expGeneral . ')' sentencia

    ')'  desplazar e ir al estado 133


estado 100

   87 sentenciaIteracion: DO sentencia WHILE . '(' expGeneral ')'

    '('  desplazar e ir al estado 134


estado 101

   91 sentenciaSalto: RETURN expOP ';' .

    $default  reduce usando la regla 91 (sentenciaSalto)


estado 102

   88 sentenciaIteracion: FOR '(' expOP . ';' expOP ';' expOP ')' sentencia

    ';'  desplazar e ir al estado 135


estado 103

   92 sentenciaSalto: GOTO IDENTIFICADOR ';' .

    $default  reduce usando la regla 92 (sentenciaSalto)


estado 104

   48 expPrimaria: '(' expGeneral ')' .

    $default  reduce usando la regla 48 (expPrimaria)


estado 105

   49 declaracion: TIPO_DATO IDENTIFICADOR . parametros
   50            | TIPO_DATO IDENTIFICADOR . '=' expGeneral

    '='  desplazar e ir al estado 94
    '('  desplazar e ir al estado 91

    parametros  ir al estado 136


estado 106

   78 listaSentencias: sentencia .

    $default  reduce usando la regla 78 (listaSentencias)


estado 107

   71 sentenciaCompuesta: '{' listaDeDeclaracionesOP listaSentenciasOP . '}'

    '}'  desplazar e ir al estado 137


estado 108

   77 listaSentenciasOP: listaSentencias .
   79 listaSentencias: listaSentencias . sentencia

    NUM            desplazar e ir al estado 4
    IDENTIFICADOR  desplazar e ir al estado 5
    STRING         desplazar e ir al estado 7
    CCARACTER      desplazar e ir al estado 8
    INCREMENTO     desplazar e ir al estado 9
    DECREMENTO     desplazar e ir al estado 10
    SIZEOF         desplazar e ir al estado 11
    IF             desplazar e ir al estado 12
    SWITCH         desplazar e ir al estado 13
    WHILE          desplazar e ir al estado 14
    DO             desplazar e ir al estado 15
    CONTINUE       desplazar e ir al estado 16
    BREAK          desplazar e ir al estado 17
    RETURN         desplazar e ir al estado 18
    FOR            desplazar e ir al estado 19
    GOTO           desplazar e ir al estado 20
    '*'            desplazar e ir al estado 22
    '('            desplazar e ir al estado 23
    '&'            desplazar e ir al estado 24
    '!'            desplazar e ir al estado 25
    '{'            desplazar e ir al estado 26

    INCREMENTO  [reduce usando la regla 43 (expPrimaria)]
    DECREMENTO  [reduce usando la regla 43 (expPrimaria)]
    '*'         [reduce usando la regla 43 (expPrimaria)]
    '('         [reduce usando la regla 43 (expPrimaria)]
    ';'         reduce usando la regla 43 (expPrimaria)
    ';'         [reduce usando la regla 81 (expOP)]
    '}'         reduce usando la regla 77 (listaSentenciasOP)
    $default    reduce usando la regla 43 (expPrimaria)

    expGeneral          ir al estado 52
    expUnaria           ir al estado 29
    operadorUnario      ir al estado 30
    expSufijo           ir al estado 31
    expPrimaria         ir al estado 32
    sentencia           ir al estado 138
    sentenciaCompuesta  ir al estado 36
    sentenciaExpresion  ir al estado 37
    expOP               ir al estado 38
    sentenciaSeleccion  ir al estado 39
    sentenciaIteracion  ir al estado 40
    sentenciaSalto      ir al estado 41


estado 109

   75 listaDeDeclaraciones: listaDeDeclaraciones declaracion .

    $default  reduce usando la regla 75 (listaDeDeclaraciones)


estado 110

   10 expGeneral: expUnaria '+' expGeneral .

    $default  reduce usando la regla 10 (expGeneral)


estado 111

    9 expGeneral: expUnaria operador expGeneral .

    $default  reduce usando la regla 9 (expGeneral)


estado 112

   37 expSufijo: expSufijo FLECHA IDENTIFICADOR .

    $default  reduce usando la regla 37 (expSufijo)


estado 113

   40 listaArgumentos: expGeneral .

    $default  reduce usando la regla 40 (listaArgumentos)


estado 114

   35 expSufijo: expSufijo '(' listaArgumentos . ')'
   41 listaArgumentos: listaArgumentos . ',' expGeneral

    ')'  desplazar e ir al estado 139
    ','  desplazar e ir al estado 140


estado 115

   34 expSufijo: expSufijo '[' expGeneral . ']'

    ']'  desplazar e ir al estado 141


estado 116

   36 expSufijo: expSufijo '.' IDENTIFICADOR .

    $default  reduce usando la regla 36 (expSufijo)


estado 117

   57 parametro: error . IDENTIFICADOR

    IDENTIFICADOR  desplazar e ir al estado 142


estado 118

   55 parametro: TIPO_DATO .
   56          | TIPO_DATO . IDENTIFICADOR
   58          | TIPO_DATO . error

    error          desplazar e ir al estado 143
    IDENTIFICADOR  desplazar e ir al estado 144

    ')'  reduce usando la regla 55 (parametro)
    ','  reduce usando la regla 55 (parametro)


estado 119

   52 parametros: '(' ')' .

    $default  reduce usando la regla 52 (parametros)


estado 120

   51 parametros: '(' listaDeParametros . ')'
   54 listaDeParametros: listaDeParametros . ',' parametro

    ')'  desplazar e ir al estado 145
    ','  desplazar e ir al estado 146


estado 121

   53 listaDeParametros: parametro .

    $default  reduce usando la regla 53 (listaDeParametros)


estado 122

   62 cuerpo: error .

    $default  reduce usando la regla 62 (cuerpo)


estado 123

   59 cuerpo: ';' .

    $default  reduce usando la regla 59 (cuerpo)


estado 124

   61 cuerpo: '{' . error '}'
   71 sentenciaCompuesta: '{' . listaDeDeclaracionesOP listaSentenciasOP '}'

    error      desplazar e ir al estado 147
    TIPO_DATO  desplazar e ir al estado 60

    NUM            reduce usando la regla 72 (listaDeDeclaracionesOP)
    IDENTIFICADOR  reduce usando la regla 72 (listaDeDeclaracionesOP)
    STRING         reduce usando la regla 72 (listaDeDeclaracionesOP)
    CCARACTER      reduce usando la regla 72 (listaDeDeclaracionesOP)
    MENORIGUAL     reduce usando la regla 72 (listaDeDeclaracionesOP)
    IGUALIGUAL     reduce usando la regla 72 (listaDeDeclaracionesOP)
    DISTINTO       reduce usando la regla 72 (listaDeDeclaracionesOP)
    INCREMENTO     reduce usando la regla 72 (listaDeDeclaracionesOP)
    DECREMENTO     reduce usando la regla 72 (listaDeDeclaracionesOP)
    FLECHA         reduce usando la regla 72 (listaDeDeclaracionesOP)
    OR             reduce usando la regla 72 (listaDeDeclaracionesOP)
    AND            reduce usando la regla 72 (listaDeDeclaracionesOP)
    MASIGUAL       reduce usando la regla 72 (listaDeDeclaracionesOP)
    SIZEOF         reduce usando la regla 72 (listaDeDeclaracionesOP)
    IF             reduce usando la regla 72 (listaDeDeclaracionesOP)
    SWITCH         reduce usando la regla 72 (listaDeDeclaracionesOP)
    WHILE          reduce usando la regla 72 (listaDeDeclaracionesOP)
    DO             reduce usando la regla 72 (listaDeDeclaracionesOP)
    CONTINUE       reduce usando la regla 72 (listaDeDeclaracionesOP)
    BREAK          reduce usando la regla 72 (listaDeDeclaracionesOP)
    RETURN         reduce usando la regla 72 (listaDeDeclaracionesOP)
    FOR            reduce usando la regla 72 (listaDeDeclaracionesOP)
    GOTO           reduce usando la regla 72 (listaDeDeclaracionesOP)
    '+'            reduce usando la regla 72 (listaDeDeclaracionesOP)
    '='            reduce usando la regla 72 (listaDeDeclaracionesOP)
    '<'            reduce usando la regla 72 (listaDeDeclaracionesOP)
    '>'            reduce usando la regla 72 (listaDeDeclaracionesOP)
    '-'            reduce usando la regla 72 (listaDeDeclaracionesOP)
    '*'            reduce usando la regla 72 (listaDeDeclaracionesOP)
    '/'            reduce usando la regla 72 (listaDeDeclaracionesOP)
    '%'            reduce usando la regla 72 (listaDeDeclaracionesOP)
    '('            reduce usando la regla 72 (listaDeDeclaracionesOP)
    '&'            reduce usando la regla 72 (listaDeDeclaracionesOP)
    '!'            reduce usando la regla 72 (listaDeDeclaracionesOP)
    '['            reduce usando la regla 72 (listaDeDeclaracionesOP)
    '.'            reduce usando la regla 72 (listaDeDeclaracionesOP)
    ';'            reduce usando la regla 72 (listaDeDeclaracionesOP)
    '{'            reduce usando la regla 72 (listaDeDeclaracionesOP)
    '}'            reduce usando la regla 72 (listaDeDeclaracionesOP)

    declaracion             ir al estado 61
    listaDeDeclaracionesOP  ir al estado 62
    listaDeDeclaraciones    ir al estado 63


estado 125

   64 definicionDeFuncion: error IDENTIFICADOR parametros cuerpo .

    $default  reduce usando la regla 64 (definicionDeFuncion)


estado 126

   60 cuerpo: sentenciaCompuesta .

    $default  reduce usando la regla 60 (cuerpo)


estado 127

   65 definicionDeFuncion: TIPO_DATO error parametros cuerpo .

    $default  reduce usando la regla 65 (definicionDeFuncion)


estado 128

   50 declaracion: TIPO_DATO IDENTIFICADOR '=' expGeneral .

    $default  reduce usando la regla 50 (declaracion)


estado 129

   63 definicionDeFuncion: TIPO_DATO IDENTIFICADOR parametros cuerpo .

    $default  reduce usando la regla 63 (definicionDeFuncion)


estado 130

   29 expUnaria: SIZEOF '(' TIPO_DATO ')' .

    $default  reduce usando la regla 29 (expUnaria)


estado 131

   83 sentenciaSeleccion: IF '(' expGeneral ')' . sentencia
   84                   | IF '(' expGeneral ')' . sentencia ELSE sentencia

    NUM            desplazar e ir al estado 4
    IDENTIFICADOR  desplazar e ir al estado 5
    STRING         desplazar e ir al estado 7
    CCARACTER      desplazar e ir al estado 8
    INCREMENTO     desplazar e ir al estado 9
    DECREMENTO     desplazar e ir al estado 10
    SIZEOF         desplazar e ir al estado 11
    IF             desplazar e ir al estado 12
    SWITCH         desplazar e ir al estado 13
    WHILE          desplazar e ir al estado 14
    DO             desplazar e ir al estado 15
    CONTINUE       desplazar e ir al estado 16
    BREAK          desplazar e ir al estado 17
    RETURN         desplazar e ir al estado 18
    FOR            desplazar e ir al estado 19
    GOTO           desplazar e ir al estado 20
    '*'            desplazar e ir al estado 22
    '('            desplazar e ir al estado 23
    '&'            desplazar e ir al estado 24
    '!'            desplazar e ir al estado 25
    '{'            desplazar e ir al estado 26

    INCREMENTO  [reduce usando la regla 43 (expPrimaria)]
    DECREMENTO  [reduce usando la regla 43 (expPrimaria)]
    '*'         [reduce usando la regla 43 (expPrimaria)]
    '('         [reduce usando la regla 43 (expPrimaria)]
    ';'         reduce usando la regla 43 (expPrimaria)
    ';'         [reduce usando la regla 81 (expOP)]
    $default    reduce usando la regla 43 (expPrimaria)

    expGeneral          ir al estado 52
    expUnaria           ir al estado 29
    operadorUnario      ir al estado 30
    expSufijo           ir al estado 31
    expPrimaria         ir al estado 32
    sentencia           ir al estado 148
    sentenciaCompuesta  ir al estado 36
    sentenciaExpresion  ir al estado 37
    expOP               ir al estado 38
    sentenciaSeleccion  ir al estado 39
    sentenciaIteracion  ir al estado 40
    sentenciaSalto      ir al estado 41


estado 132

   85 sentenciaSeleccion: SWITCH '(' IDENTIFICADOR ')' . sentencia

    NUM            desplazar e ir al estado 4
    IDENTIFICADOR  desplazar e ir al estado 5
    STRING         desplazar e ir al estado 7
    CCARACTER      desplazar e ir al estado 8
    INCREMENTO     desplazar e ir al estado 9
    DECREMENTO     desplazar e ir al estado 10
    SIZEOF         desplazar e ir al estado 11
    IF             desplazar e ir al estado 12
    SWITCH         desplazar e ir al estado 13
    WHILE          desplazar e ir al estado 14
    DO             desplazar e ir al estado 15
    CONTINUE       desplazar e ir al estado 16
    BREAK          desplazar e ir al estado 17
    RETURN         desplazar e ir al estado 18
    FOR            desplazar e ir al estado 19
    GOTO           desplazar e ir al estado 20
    '*'            desplazar e ir al estado 22
    '('            desplazar e ir al estado 23
    '&'            desplazar e ir al estado 24
    '!'            desplazar e ir al estado 25
    '{'            desplazar e ir al estado 26

    INCREMENTO  [reduce usando la regla 43 (expPrimaria)]
    DECREMENTO  [reduce usando la regla 43 (expPrimaria)]
    '*'         [reduce usando la regla 43 (expPrimaria)]
    '('         [reduce usando la regla 43 (expPrimaria)]
    ';'         reduce usando la regla 43 (expPrimaria)
    ';'         [reduce usando la regla 81 (expOP)]
    $default    reduce usando la regla 43 (expPrimaria)

    expGeneral          ir al estado 52
    expUnaria           ir al estado 29
    operadorUnario      ir al estado 30
    expSufijo           ir al estado 31
    expPrimaria         ir al estado 32
    sentencia           ir al estado 149
    sentenciaCompuesta  ir al estado 36
    sentenciaExpresion  ir al estado 37
    expOP               ir al estado 38
    sentenciaSeleccion  ir al estado 39
    sentenciaIteracion  ir al estado 40
    sentenciaSalto      ir al estado 41


estado 133

   86 sentenciaIteracion: WHILE '(' expGeneral ')' . sentencia

    NUM            desplazar e ir al estado 4
    IDENTIFICADOR  desplazar e ir al estado 5
    STRING         desplazar e ir al estado 7
    CCARACTER      desplazar e ir al estado 8
    INCREMENTO     desplazar e ir al estado 9
    DECREMENTO     desplazar e ir al estado 10
    SIZEOF         desplazar e ir al estado 11
    IF             desplazar e ir al estado 12
    SWITCH         desplazar e ir al estado 13
    WHILE          desplazar e ir al estado 14
    DO             desplazar e ir al estado 15
    CONTINUE       desplazar e ir al estado 16
    BREAK          desplazar e ir al estado 17
    RETURN         desplazar e ir al estado 18
    FOR            desplazar e ir al estado 19
    GOTO           desplazar e ir al estado 20
    '*'            desplazar e ir al estado 22
    '('            desplazar e ir al estado 23
    '&'            desplazar e ir al estado 24
    '!'            desplazar e ir al estado 25
    '{'            desplazar e ir al estado 26

    INCREMENTO  [reduce usando la regla 43 (expPrimaria)]
    DECREMENTO  [reduce usando la regla 43 (expPrimaria)]
    '*'         [reduce usando la regla 43 (expPrimaria)]
    '('         [reduce usando la regla 43 (expPrimaria)]
    ';'         reduce usando la regla 43 (expPrimaria)
    ';'         [reduce usando la regla 81 (expOP)]
    $default    reduce usando la regla 43 (expPrimaria)

    expGeneral          ir al estado 52
    expUnaria           ir al estado 29
    operadorUnario      ir al estado 30
    expSufijo           ir al estado 31
    expPrimaria         ir al estado 32
    sentencia           ir al estado 150
    sentenciaCompuesta  ir al estado 36
    sentenciaExpresion  ir al estado 37
    expOP               ir al estado 38
    sentenciaSeleccion  ir al estado 39
    sentenciaIteracion  ir al estado 40
    sentenciaSalto      ir al estado 41


estado 134

   87 sentenciaIteracion: DO sentencia WHILE '(' . expGeneral ')'

    NUM            desplazar e ir al estado 4
    IDENTIFICADOR  desplazar e ir al estado 5
    STRING         desplazar e ir al estado 7
    CCARACTER      desplazar e ir al estado 8
    INCREMENTO     desplazar e ir al estado 9
    DECREMENTO     desplazar e ir al estado 10
    SIZEOF         desplazar e ir al estado 11
    '*'            desplazar e ir al estado 22
    '('            desplazar e ir al estado 23
    '&'            desplazar e ir al estado 24
    '!'            desplazar e ir al estado 25

    INCREMENTO  [reduce usando la regla 43 (expPrimaria)]
    DECREMENTO  [reduce usando la regla 43 (expPrimaria)]
    '*'         [reduce usando la regla 43 (expPrimaria)]
    '('         [reduce usando la regla 43 (expPrimaria)]
    $default    reduce usando la regla 43 (expPrimaria)

    expGeneral      ir al estado 151
    expUnaria       ir al estado 29
    operadorUnario  ir al estado 30
    expSufijo       ir al estado 31
    expPrimaria     ir al estado 32


estado 135

   88 sentenciaIteracion: FOR '(' expOP ';' . expOP ';' expOP ')' sentencia

    NUM            desplazar e ir al estado 4
    IDENTIFICADOR  desplazar e ir al estado 5
    STRING         desplazar e ir al estado 7
    CCARACTER      desplazar e ir al estado 8
    INCREMENTO     desplazar e ir al estado 9
    DECREMENTO     desplazar e ir al estado 10
    SIZEOF         desplazar e ir al estado 11
    '*'            desplazar e ir al estado 22
    '('            desplazar e ir al estado 23
    '&'            desplazar e ir al estado 24
    '!'            desplazar e ir al estado 25

    INCREMENTO  [reduce usando la regla 43 (expPrimaria)]
    DECREMENTO  [reduce usando la regla 43 (expPrimaria)]
    '*'         [reduce usando la regla 43 (expPrimaria)]
    '('         [reduce usando la regla 43 (expPrimaria)]
    ';'         reduce usando la regla 43 (expPrimaria)
    ';'         [reduce usando la regla 81 (expOP)]
    $default    reduce usando la regla 43 (expPrimaria)

    expGeneral      ir al estado 52
    expUnaria       ir al estado 29
    operadorUnario  ir al estado 30
    expSufijo       ir al estado 31
    expPrimaria     ir al estado 32
    expOP           ir al estado 152


estado 136

   49 declaracion: TIPO_DATO IDENTIFICADOR parametros .

    $default  reduce usando la regla 49 (declaracion)


estado 137

   71 sentenciaCompuesta: '{' listaDeDeclaracionesOP listaSentenciasOP '}' .

    $default  reduce usando la regla 71 (sentenciaCompuesta)


estado 138

   79 listaSentencias: listaSentencias sentencia .

    $default  reduce usando la regla 79 (listaSentencias)


estado 139

   35 expSufijo: expSufijo '(' listaArgumentos ')' .

    $default  reduce usando la regla 35 (expSufijo)


estado 140

   41 listaArgumentos: listaArgumentos ',' . expGeneral

    NUM            desplazar e ir al estado 4
    IDENTIFICADOR  desplazar e ir al estado 5
    STRING         desplazar e ir al estado 7
    CCARACTER      desplazar e ir al estado 8
    INCREMENTO     desplazar e ir al estado 9
    DECREMENTO     desplazar e ir al estado 10
    SIZEOF         desplazar e ir al estado 11
    '*'            desplazar e ir al estado 22
    '('            desplazar e ir al estado 23
    '&'            desplazar e ir al estado 24
    '!'            desplazar e ir al estado 25

    INCREMENTO  [reduce usando la regla 43 (expPrimaria)]
    DECREMENTO  [reduce usando la regla 43 (expPrimaria)]
    '*'         [reduce usando la regla 43 (expPrimaria)]
    '('         [reduce usando la regla 43 (expPrimaria)]
    $default    reduce usando la regla 43 (expPrimaria)

    expGeneral      ir al estado 153
    expUnaria       ir al estado 29
    operadorUnario  ir al estado 30
    expSufijo       ir al estado 31
    expPrimaria     ir al estado 32


estado 141

   34 expSufijo: expSufijo '[' expGeneral ']' .

    $default  reduce usando la regla 34 (expSufijo)


estado 142

   57 parametro: error IDENTIFICADOR .

    $default  reduce usando la regla 57 (parametro)


estado 143

   58 parametro: TIPO_DATO error .

    $default  reduce usando la regla 58 (parametro)


estado 144

   56 parametro: TIPO_DATO IDENTIFICADOR .

    $default  reduce usando la regla 56 (parametro)


estado 145

   51 parametros: '(' listaDeParametros ')' .

    $default  reduce usando la regla 51 (parametros)


estado 146

   54 listaDeParametros: listaDeParametros ',' . parametro

    error      desplazar e ir al estado 117
    TIPO_DATO  desplazar e ir al estado 118

    parametro  ir al estado 154


estado 147

   61 cuerpo: '{' error . '}'

    '}'  desplazar e ir al estado 155


estado 148

   83 sentenciaSeleccion: IF '(' expGeneral ')' sentencia .
   84                   | IF '(' expGeneral ')' sentencia . ELSE sentencia

    ELSE  desplazar e ir al estado 156

    ELSE      [reduce usando la regla 83 (sentenciaSeleccion)]
    $default  reduce usando la regla 83 (sentenciaSeleccion)


estado 149

   85 sentenciaSeleccion: SWITCH '(' IDENTIFICADOR ')' sentencia .

    $default  reduce usando la regla 85 (sentenciaSeleccion)


estado 150

   86 sentenciaIteracion: WHILE '(' expGeneral ')' sentencia .

    $default  reduce usando la regla 86 (sentenciaIteracion)


estado 151

   87 sentenciaIteracion: DO sentencia WHILE '(' expGeneral . ')'

    ')'  desplazar e ir al estado 157


estado 152

   88 sentenciaIteracion: FOR '(' expOP ';' expOP . ';' expOP ')' sentencia

    ';'  desplazar e ir al estado 158


estado 153

   41 listaArgumentos: listaArgumentos ',' expGeneral .

    $default  reduce usando la regla 41 (listaArgumentos)


estado 154

   54 listaDeParametros: listaDeParametros ',' parametro .

    $default  reduce usando la regla 54 (listaDeParametros)


estado 155

   61 cuerpo: '{' error '}' .

    $default  reduce usando la regla 61 (cuerpo)


estado 156

   84 sentenciaSeleccion: IF '(' expGeneral ')' sentencia ELSE . sentencia

    NUM            desplazar e ir al estado 4
    IDENTIFICADOR  desplazar e ir al estado 5
    STRING         desplazar e ir al estado 7
    CCARACTER      desplazar e ir al estado 8
    INCREMENTO     desplazar e ir al estado 9
    DECREMENTO     desplazar e ir al estado 10
    SIZEOF         desplazar e ir al estado 11
    IF             desplazar e ir al estado 12
    SWITCH         desplazar e ir al estado 13
    WHILE          desplazar e ir al estado 14
    DO             desplazar e ir al estado 15
    CONTINUE       desplazar e ir al estado 16
    BREAK          desplazar e ir al estado 17
    RETURN         desplazar e ir al estado 18
    FOR            desplazar e ir al estado 19
    GOTO           desplazar e ir al estado 20
    '*'            desplazar e ir al estado 22
    '('            desplazar e ir al estado 23
    '&'            desplazar e ir al estado 24
    '!'            desplazar e ir al estado 25
    '{'            desplazar e ir al estado 26

    INCREMENTO  [reduce usando la regla 43 (expPrimaria)]
    DECREMENTO  [reduce usando la regla 43 (expPrimaria)]
    '*'         [reduce usando la regla 43 (expPrimaria)]
    '('         [reduce usando la regla 43 (expPrimaria)]
    ';'         reduce usando la regla 43 (expPrimaria)
    ';'         [reduce usando la regla 81 (expOP)]
    $default    reduce usando la regla 43 (expPrimaria)

    expGeneral          ir al estado 52
    expUnaria           ir al estado 29
    operadorUnario      ir al estado 30
    expSufijo           ir al estado 31
    expPrimaria         ir al estado 32
    sentencia           ir al estado 159
    sentenciaCompuesta  ir al estado 36
    sentenciaExpresion  ir al estado 37
    expOP               ir al estado 38
    sentenciaSeleccion  ir al estado 39
    sentenciaIteracion  ir al estado 40
    sentenciaSalto      ir al estado 41


estado 157

   87 sentenciaIteracion: DO sentencia WHILE '(' expGeneral ')' .

    $default  reduce usando la regla 87 (sentenciaIteracion)


estado 158

   88 sentenciaIteracion: FOR '(' expOP ';' expOP ';' . expOP ')' sentencia

    NUM            desplazar e ir al estado 4
    IDENTIFICADOR  desplazar e ir al estado 5
    STRING         desplazar e ir al estado 7
    CCARACTER      desplazar e ir al estado 8
    INCREMENTO     desplazar e ir al estado 9
    DECREMENTO     desplazar e ir al estado 10
    SIZEOF         desplazar e ir al estado 11
    '*'            desplazar e ir al estado 22
    '('            desplazar e ir al estado 23
    '&'            desplazar e ir al estado 24
    '!'            desplazar e ir al estado 25

    INCREMENTO  [reduce usando la regla 43 (expPrimaria)]
    DECREMENTO  [reduce usando la regla 43 (expPrimaria)]
    '*'         [reduce usando la regla 43 (expPrimaria)]
    '('         [reduce usando la regla 43 (expPrimaria)]
    ')'         reduce usando la regla 43 (expPrimaria)
    ')'         [reduce usando la regla 81 (expOP)]
    $default    reduce usando la regla 43 (expPrimaria)

    expGeneral      ir al estado 52
    expUnaria       ir al estado 29
    operadorUnario  ir al estado 30
    expSufijo       ir al estado 31
    expPrimaria     ir al estado 32
    expOP           ir al estado 160


estado 159

   84 sentenciaSeleccion: IF '(' expGeneral ')' sentencia ELSE sentencia .

    $default  reduce usando la regla 84 (sentenciaSeleccion)


estado 160

   88 sentenciaIteracion: FOR '(' expOP ';' expOP ';' expOP . ')' sentencia

    ')'  desplazar e ir al estado 161


estado 161

   88 sentenciaIteracion: FOR '(' expOP ';' expOP ';' expOP ')' . sentencia

    NUM            desplazar e ir al estado 4
    IDENTIFICADOR  desplazar e ir al estado 5
    STRING         desplazar e ir al estado 7
    CCARACTER      desplazar e ir al estado 8
    INCREMENTO     desplazar e ir al estado 9
    DECREMENTO     desplazar e ir al estado 10
    SIZEOF         desplazar e ir al estado 11
    IF             desplazar e ir al estado 12
    SWITCH         desplazar e ir al estado 13
    WHILE          desplazar e ir al estado 14
    DO             desplazar e ir al estado 15
    CONTINUE       desplazar e ir al estado 16
    BREAK          desplazar e ir al estado 17
    RETURN         desplazar e ir al estado 18
    FOR            desplazar e ir al estado 19
    GOTO           desplazar e ir al estado 20
    '*'            desplazar e ir al estado 22
    '('            desplazar e ir al estado 23
    '&'            desplazar e ir al estado 24
    '!'            desplazar e ir al estado 25
    '{'            desplazar e ir al estado 26

    INCREMENTO  [reduce usando la regla 43 (expPrimaria)]
    DECREMENTO  [reduce usando la regla 43 (expPrimaria)]
    '*'         [reduce usando la regla 43 (expPrimaria)]
    '('         [reduce usando la regla 43 (expPrimaria)]
    ';'         reduce usando la regla 43 (expPrimaria)
    ';'         [reduce usando la regla 81 (expOP)]
    $default    reduce usando la regla 43 (expPrimaria)

    expGeneral          ir al estado 52
    expUnaria           ir al estado 29
    operadorUnario      ir al estado 30
    expSufijo           ir al estado 31
    expPrimaria         ir al estado 32
    sentencia           ir al estado 162
    sentenciaCompuesta  ir al estado 36
    sentenciaExpresion  ir al estado 37
    expOP               ir al estado 38
    sentenciaSeleccion  ir al estado 39
    sentenciaIteracion  ir al estado 40
    sentenciaSalto      ir al estado 41


estado 162

   88 sentenciaIteracion: FOR '(' expOP ';' expOP ';' expOP ')' sentencia .

    $default  reduce usando la regla 88 (sentenciaIteracion)
